<?xml version="1.0" encoding="UTF-8"?>
<!-- Generated by org.testng.reporters.JUnitXMLReporter -->
<testsuite ignored="0" hostname="LAPTOP-7ETBJ8S7" failures="1" tests="2" name="firefox" time="31.125" errors="0" timestamp="2024-04-01T17:02:08 IST">
  <testcase classname="testCases.TC_001RegistrationTest" name="verify_Account_Registration" time="4.998"/>
  <testcase classname="testCases.TC_002_LoginTest" name="test_LoginTest" time="10.864">
    <failure type="java.lang.AssertionError" message="Login failed expected [true] but found [false]">
      <![CDATA[java.lang.AssertionError: Login failed expected [true] but found [false]
at testCases.TC_002_LoginTest.test_LoginTest(TC_002_LoginTest.java:27)
at java.base/java.util.ArrayList.forEach(ArrayList.java:1596)
at java.base/java.util.concurrent.FutureTask.run(FutureTask.java:317)
at java.base/java.util.concurrent.ThreadPoolExecutor.runWorker(ThreadPoolExecutor.java:1144)
at java.base/java.util.concurrent.ThreadPoolExecutor$Worker.run(ThreadPoolExecutor.java:642)
at java.base/java.lang.Thread.run(Thread.java:1583)
... Removed 21 stack frames]]>
    </failure>
  </testcase> <!-- test_LoginTest -->
</testsuite> <!-- firefox -->
